go: downloading github.com/fogfish/it/v2 v2.0.1
go: downloading gonum.org/v1/hdf5 v0.0.0-20190227001252-83207889d689
go: downloading github.com/chengxilo/virtualterm v1.0.4
go: downloading github.com/stretchr/testify v1.9.0
go: downloading github.com/mschoch/smat v0.2.0
go: downloading github.com/davecgh/go-spew v1.1.1
go: downloading github.com/leesper/go_rng v0.0.0-20190531154944-a612b043e353
go: downloading gonum.org/v1/gonum v0.7.0
go: downloading github.com/mattn/go-runewidth v0.0.16
go: downloading gopkg.in/yaml.v3 v3.0.1
go: downloading github.com/pmezard/go-difflib v1.0.0
runtime/cgo
github.com/yahoojapan/gongt
github.com/evan176/hnswgo
net
vendor/golang.org/x/net/http/httpproxy
net/textproto
crypto/x509
vendor/golang.org/x/net/http/httpguts
crypto/tls
github.com/dkblackley/bins-go/Pacmann/graphann
github.com/dkblackley/bins-go/Pacmann
net/http/httptrace
net/http
command-line-arguments
time="2025-12-20T20:33:15-05:00" level=info msg="Size of vectors: 0"
2025/12/20 20:33:15 invalid shape: [8841823 192]
srun: error: amd080: task 0: Exited with exit code 1
